<?xml version="1.0" encoding="UTF-8"?>
<!-- Generated by org.testng.reporters.JUnitXMLReporter -->
<testsuite hostname="DESKTOP-VI69P7C" ignored="0" name="Default test" tests="3" failures="0" timestamp="04 Jun 2019 17:54:44 GMT" time="59.764" errors="0">
  <testcase name="validateTitleTest" time="0.016" classname="com.MS.qa.testcases.HomePageTest"/>
  <testcase name="homePageHeaderTest" time="0.392" classname="com.MS.qa.testcases.HomePageTest"/>
  <testcase name="homePageFooterTest" time="0.579" classname="com.MS.qa.testcases.HomePageTest"/>
</testsuite> <!-- Default test -->
