<?xml version="1.0" encoding="UTF-8"?>
<testng-results skipped="0" failed="0" ignored="0" total="3" passed="3">
  <reporter-output>
  </reporter-output>
  <suite name="Default suite" duration-ms="59764" started-at="2019-06-04T17:53:45Z" finished-at="2019-06-04T17:54:44Z">
    <groups>
    </groups>
    <test name="Default test" duration-ms="59764" started-at="2019-06-04T17:53:45Z" finished-at="2019-06-04T17:54:44Z">
      <class name="com.MS.qa.testcases.HomePageTest">
        <test-method status="PASS" signature="setUp()[pri:0, instance:com.MS.qa.testcases.HomePageTest@61832929]" name="setUp" is-config="true" duration-ms="26951" started-at="2019-06-04T23:23:45Z" finished-at="2019-06-04T23:24:12Z">
          <reporter-output>
          </reporter-output>
        </test-method> <!-- setUp -->
        <test-method status="PASS" signature="validateTitleTest()[pri:1, instance:com.MS.qa.testcases.HomePageTest@61832929]" name="validateTitleTest" duration-ms="16" started-at="2019-06-04T23:24:12Z" finished-at="2019-06-04T23:24:12Z">
          <reporter-output>
          </reporter-output>
        </test-method> <!-- validateTitleTest -->
        <test-method status="PASS" signature="teardown()[pri:0, instance:com.MS.qa.testcases.HomePageTest@61832929]" name="teardown" is-config="true" duration-ms="716" started-at="2019-06-04T23:24:12Z" finished-at="2019-06-04T23:24:12Z">
          <reporter-output>
          </reporter-output>
        </test-method> <!-- teardown -->
        <test-method status="PASS" signature="setUp()[pri:0, instance:com.MS.qa.testcases.HomePageTest@61832929]" name="setUp" is-config="true" duration-ms="12417" started-at="2019-06-04T23:24:12Z" finished-at="2019-06-04T23:24:25Z">
          <reporter-output>
          </reporter-output>
        </test-method> <!-- setUp -->
        <test-method status="PASS" signature="homePageHeaderTest()[pri:2, instance:com.MS.qa.testcases.HomePageTest@61832929]" name="homePageHeaderTest" duration-ms="392" started-at="2019-06-04T23:24:25Z" finished-at="2019-06-04T23:24:25Z">
          <reporter-output>
          </reporter-output>
        </test-method> <!-- homePageHeaderTest -->
        <test-method status="PASS" signature="teardown()[pri:0, instance:com.MS.qa.testcases.HomePageTest@61832929]" name="teardown" is-config="true" duration-ms="729" started-at="2019-06-04T23:24:25Z" finished-at="2019-06-04T23:24:26Z">
          <reporter-output>
          </reporter-output>
        </test-method> <!-- teardown -->
        <test-method status="PASS" signature="setUp()[pri:0, instance:com.MS.qa.testcases.HomePageTest@61832929]" name="setUp" is-config="true" duration-ms="17220" started-at="2019-06-04T23:24:26Z" finished-at="2019-06-04T23:24:43Z">
          <reporter-output>
          </reporter-output>
        </test-method> <!-- setUp -->
        <test-method status="PASS" signature="homePageFooterTest()[pri:3, instance:com.MS.qa.testcases.HomePageTest@61832929]" name="homePageFooterTest" duration-ms="579" started-at="2019-06-04T23:24:43Z" finished-at="2019-06-04T23:24:44Z">
          <reporter-output>
          </reporter-output>
        </test-method> <!-- homePageFooterTest -->
        <test-method status="PASS" signature="teardown()[pri:0, instance:com.MS.qa.testcases.HomePageTest@61832929]" name="teardown" is-config="true" duration-ms="720" started-at="2019-06-04T23:24:44Z" finished-at="2019-06-04T23:24:44Z">
          <reporter-output>
          </reporter-output>
        </test-method> <!-- teardown -->
      </class> <!-- com.MS.qa.testcases.HomePageTest -->
    </test> <!-- Default test -->
  </suite> <!-- Default suite -->
</testng-results>
